2026-01-23 12:41:42 - root - INFO - Logging initialized. Log file: /Users/vinayraj/Desktop/vinay/kite/CE/logs/scanner_2026-01-23.log
2026-01-23 12:41:44 - trading.trader - INFO - Expiry Date: 27-Jan-2026
2026-01-23 12:41:45 - trading.trader - INFO - Account Balance: ₹12,087.90
2026-01-23 12:41:45 - trading.trader - INFO - Trading Capital (90%): ₹10,879.11
2026-01-23 12:41:45 - trading.trader - INFO - 
============================================================
2026-01-23 12:41:45 - trading.trader - INFO - TRADE CYCLE #1 STARTING
2026-01-23 12:41:45 - trading.trader - INFO - ============================================================
2026-01-23 12:41:45 - scanner.options_scanner - INFO - Expiry date set to: 27-Jan-2026
2026-01-23 12:41:45 - scanner.options_scanner - INFO - Loading NIFTY options from NFO exchange...
2026-01-23 12:41:45 - scanner.options_scanner - INFO - Filtered to strikes in multiples of 100
2026-01-23 12:41:45 - scanner.options_scanner - INFO - Loaded 21 NIFTY options in strike range 24000-26000
2026-01-23 12:41:45 - trading.trader - INFO - Scanner initialized for expiry: 2026-01-27
2026-01-23 12:41:46 - trading.trader - INFO - NIFTY Spot: ₹25,212.50 | ATM Strike: 25200
2026-01-23 12:41:46 - trading.trader - INFO - Selected nearest OTM: 25300.0 @ ₹79.30
2026-01-23 12:41:46 - trading.trader - INFO - Selected CE Option: NIFTY26JAN25300CE @ ₹79.30
2026-01-23 12:41:46 - trading.trader - INFO - Account Balance: ₹12,087.90
2026-01-23 12:41:46 - trading.trader - INFO - Trading Capital (90%): ₹10,879.11
2026-01-23 12:41:46 - trading.trader - INFO - Quantity Calculation:
2026-01-23 12:41:46 - trading.trader - INFO -   Cost per Lot: ₹79.30 × 65 = ₹5,154.50
2026-01-23 12:41:46 - trading.trader - INFO -   Max Lots: floor(₹10,879.11 / ₹5,154.50) = 2
2026-01-23 12:41:46 - trading.trader - INFO -   Quantity: 2 × 65 = 130
2026-01-23 12:41:46 - trading.trader - INFO - Waiting for Double Confirmation BUY signal...
2026-01-23 12:52:00 - trading.trader - INFO - ✓ BUY signal confirmed on 2minute - All conditions met (CE Option: NIFTY26JAN25300CE, Price: ₹78.75)
2026-01-23 12:52:05 - trading.trader - INFO - ✓ BUY signal confirmed on 2minute - All conditions met (CE Option: NIFTY26JAN25300CE, Price: ₹79.35)
2026-01-23 12:52:11 - trading.trader - INFO - ✓ BUY signal confirmed on 2minute - All conditions met (CE Option: NIFTY26JAN25300CE, Price: ₹79.65)
2026-01-23 12:52:17 - trading.trader - INFO - ✓ BUY signal confirmed on 2minute - All conditions met (CE Option: NIFTY26JAN25300CE, Price: ₹79.50)
2026-01-23 12:52:22 - trading.trader - INFO - ✓ BUY signal confirmed on 2minute - All conditions met (CE Option: NIFTY26JAN25300CE, Price: ₹79.20)
2026-01-23 12:54:30 - trading.trader - INFO - ✓ BUY signal confirmed on 2minute - All conditions met (CE Option: NIFTY26JAN25300CE, Price: ₹80.60)
2026-01-23 12:54:36 - trading.trader - INFO - ✓ BUY signal confirmed on 2minute - All conditions met (CE Option: NIFTY26JAN25300CE, Price: ₹80.85)
2026-01-23 12:54:41 - trading.trader - INFO - ✓ BUY signal confirmed on 2minute - All conditions met (CE Option: NIFTY26JAN25300CE, Price: ₹81.85)
2026-01-23 12:54:47 - trading.trader - INFO - ✓ BUY signal confirmed on 2minute - All conditions met (CE Option: NIFTY26JAN25300CE, Price: ₹81.00)
2026-01-23 12:54:52 - trading.trader - INFO - ✓ BUY signal confirmed on 2minute - All conditions met (CE Option: NIFTY26JAN25300CE, Price: ₹81.60)
2026-01-23 12:54:57 - trading.trader - INFO - ✓ BUY signal confirmed on 2minute - All conditions met (CE Option: NIFTY26JAN25300CE, Price: ₹83.70)
2026-01-23 12:55:03 - trading.trader - INFO - ✓ BUY signal confirmed on 2minute - All conditions met (CE Option: NIFTY26JAN25300CE, Price: ₹83.40)
2026-01-23 12:55:37 - trading.trader - ERROR - Error refreshing premium: HTTPSConnectionPool(host='api.kite.trade', port=443): Read timed out. (read timeout=7)
2026-01-23 12:57:06 - trading.trader - INFO - ✓ BUY signal confirmed on 2minute - All conditions met (CE Option: NIFTY26JAN25300CE, Price: ₹79.00)
2026-01-23 12:57:11 - trading.trader - INFO - ✓ BUY signal confirmed on 2minute - All conditions met (CE Option: NIFTY26JAN25300CE, Price: ₹79.90)
2026-01-23 12:57:17 - trading.trader - INFO - ✓ BUY signal confirmed on 2minute - All conditions met (CE Option: NIFTY26JAN25300CE, Price: ₹79.85)
